<?xml version="1.0" encoding="UTF-8"?>
<testsuite xmlns:xsi="http://www.w3.org/2001/XMLSchema-instance" xsi:noNamespaceSchemaLocation="https://maven.apache.org/surefire/maven-surefire-plugin/xsd/surefire-test-report-3.0.xsd" version="3.0" name="com.bajaj.bfhlapi.service.impl.BfhlServiceImplTest" time="0.177" tests="28" errors="0" skipped="0" failures="0">
  <properties>
[...]
</properties>
  <testcase name="processRequest_withNullData_throwsException" classname="com.bajaj.bfhlapi.service.impl.BfhlServiceImplTest" time="0.055"/>
  <testcase name="processRequest_decimalNumbers" classname="com.bajaj.bfhlapi.service.impl.BfhlServiceImplTest" time="0.02"/>
  <testcase name="processRequest_singleAlphabet_longestAndShortestSame" classname="com.bajaj.bfhlapi.service.impl.BfhlServiceImplTest" time="0.005"/>
  <testcase name="processRequest_longestAlphabeticValue" classname="com.bajaj.bfhlapi.service.impl.BfhlServiceImplTest" time="0.005"/>
  <testcase name="processRequest_oddEvenSplit" classname="com.bajaj.bfhlapi.service.impl.BfhlServiceImplTest" time="0.01"/>
  <testcase name="processRequest_vowelCount_singleWord" classname="com.bajaj.bfhlapi.service.impl.BfhlServiceImplTest" time="0.003"/>
  <testcase name="processRequest_shortestAlphabeticValue" classname="com.bajaj.bfhlapi.service.impl.BfhlServiceImplTest" time="0.002"/>
  <testcase name="processRequest_vowelCount_multipleWords" classname="com.bajaj.bfhlapi.service.impl.BfhlServiceImplTest" time="0.001"/>
  <testcase name="processRequest_withAllNullValues_throwsException" classname="com.bajaj.bfhlapi.service.impl.BfhlServiceImplTest" time="0.003"/>
  <testcase name="processRequest_requestIdPassedThrough" classname="com.bajaj.bfhlapi.service.impl.BfhlServiceImplTest" time="0.002"/>
  <testcase name="processRequest_mixedNegativeAndDecimal" classname="com.bajaj.bfhlapi.service.impl.BfhlServiceImplTest" time="0.001"/>
  <testcase name="processRequest_alphabetFrequency" classname="com.bajaj.bfhlapi.service.impl.BfhlServiceImplTest" time="0.002"/>
  <testcase name="processRequest_specialCharacters" classname="com.bajaj.bfhlapi.service.impl.BfhlServiceImplTest" time="0.002"/>
  <testcase name="processRequest_ignoresNullAndBlankEntries" classname="com.bajaj.bfhlapi.service.impl.BfhlServiceImplTest" time="0.002"/>
  <testcase name="processRequest_withEmptyData_throwsException" classname="com.bajaj.bfhlapi.service.impl.BfhlServiceImplTest" time="0.002"/>
  <testcase name="processRequest_detectsDuplicates" classname="com.bajaj.bfhlapi.service.impl.BfhlServiceImplTest" time="0.002"/>
  <testcase name="processRequest_alphanumericExtraction" classname="com.bajaj.bfhlapi.service.impl.BfhlServiceImplTest" time="0.001"/>
  <testcase name="processRequest_noAlphabets_longestAndShortestNull" classname="com.bajaj.bfhlapi.service.impl.BfhlServiceImplTest" time="0.003"/>
  <testcase name="processRequest_negativeNumbers" classname="com.bajaj.bfhlapi.service.impl.BfhlServiceImplTest" time="0.0"/>
  <testcase name="processRequest_sumCalculation" classname="com.bajaj.bfhlapi.service.impl.BfhlServiceImplTest" time="0.001"/>
  <testcase name="processRequest_alphanumericMultipleEntries" classname="com.bajaj.bfhlapi.service.impl.BfhlServiceImplTest" time="0.003"/>
  <testcase name="processRequest_sortedNumbers" classname="com.bajaj.bfhlapi.service.impl.BfhlServiceImplTest" time="0.001"/>
  <testcase name="processRequest_noDuplicates" classname="com.bajaj.bfhlapi.service.impl.BfhlServiceImplTest" time="0.004"/>
  <testcase name="processRequest_vowelCount_noVowels" classname="com.bajaj.bfhlapi.service.impl.BfhlServiceImplTest" time="0.0"/>
  <testcase name="processRequest_withAllBlankValues_throwsException" classname="com.bajaj.bfhlapi.service.impl.BfhlServiceImplTest" time="0.002"/>
  <testcase name="processRequest_alphabetFrequencyMixedCase" classname="com.bajaj.bfhlapi.service.impl.BfhlServiceImplTest" time="0.002"/>
  <testcase name="processRequest_summaryPopulated" classname="com.bajaj.bfhlapi.service.impl.BfhlServiceImplTest" time="0.004"/>
  <testcase name="processRequest_processingTimeTracked" classname="com.bajaj.bfhlapi.service.impl.BfhlServiceImplTest" time="0.001"/>
</testsuite>